{"numTotalTestSuites":4,"numPassedTestSuites":2,"numFailedTestSuites":2,"numPendingTestSuites":0,"numTotalTests":2,"numPassedTests":1,"numFailedTests":1,"numPendingTests":0,"numTodoTests":0,"snapshot":{"added":0,"failure":false,"filesAdded":0,"filesRemoved":0,"filesRemovedList":[],"filesUnmatched":0,"filesUpdated":0,"matched":0,"total":0,"unchecked":0,"uncheckedKeysByFile":[],"unmatched":0,"updated":0,"didUpdate":false},"startTime":1767303236022,"success":false,"testResults":[{"assertionResults":[{"ancestorTitles":["CharacterCreator Flow"],"fullName":"CharacterCreator Flow renders race selection, selects changeling, selects skills, and proceeds","status":"failed","title":"renders race selection, selects changeling, selects skills, and proceeds","duration":23.101100000000315,"failureMessages":["ReferenceError: motion is not defined\n    at CharacterCreator (C:/Users/gambi/Documents/Git/AraliaV4/Aralia/src/components/CharacterCreator/CharacterCreator.tsx:284:16)\n    at Object.react_stack_bottom_frame (C:\\Users\\gambi\\Documents\\Git\\AraliaV4\\Aralia\\node_modules\\react-dom\\cjs\\react-dom-client.development.js:25904:20)\n    at renderWithHooks (C:\\Users\\gambi\\Documents\\Git\\AraliaV4\\Aralia\\node_modules\\react-dom\\cjs\\react-dom-client.development.js:7662:22)\n    at updateFunctionComponent (C:\\Users\\gambi\\Documents\\Git\\AraliaV4\\Aralia\\node_modules\\react-dom\\cjs\\react-dom-client.development.js:10166:19)\n    at beginWork (C:\\Users\\gambi\\Documents\\Git\\AraliaV4\\Aralia\\node_modules\\react-dom\\cjs\\react-dom-client.development.js:11778:18)\n    at runWithFiberInDEV (C:\\Users\\gambi\\Documents\\Git\\AraliaV4\\Aralia\\node_modules\\react-dom\\cjs\\react-dom-client.development.js:874:13)\n    at performUnitOfWork (C:\\Users\\gambi\\Documents\\Git\\AraliaV4\\Aralia\\node_modules\\react-dom\\cjs\\react-dom-client.development.js:17641:22)\n    at workLoopSync (C:\\Users\\gambi\\Documents\\Git\\AraliaV4\\Aralia\\node_modules\\react-dom\\cjs\\react-dom-client.development.js:17469:41)\n    at renderRootSync (C:\\Users\\gambi\\Documents\\Git\\AraliaV4\\Aralia\\node_modules\\react-dom\\cjs\\react-dom-client.development.js:17450:11)\n    at performWorkOnRoot (C:\\Users\\gambi\\Documents\\Git\\AraliaV4\\Aralia\\node_modules\\react-dom\\cjs\\react-dom-client.development.js:16583:35)"],"meta":{}}],"startTime":1767386196029,"endTime":1767386196052.101,"status":"failed","message":"","name":"C:/Users/gambi/Documents/Git/AraliaV4/Aralia/src/components/CharacterCreator/__tests__/CharacterCreator.test.tsx"},{"assertionResults":[{"ancestorTitles":["App Error Handling"],"fullName":"App Error Handling catches errors in GameLayout and shows fallback UI","status":"passed","title":"catches errors in GameLayout and shows fallback UI","duration":352.09529999999995,"failureMessages":[],"meta":{}}],"startTime":1767386196391,"endTime":1767386196743.0952,"status":"passed","message":"","name":"C:/Users/gambi/Documents/Git/AraliaV4/Aralia/src/components/__tests__/GameLayoutErrorBoundary.test.tsx"}]}