{"numTotalTestSuites":2,"numPassedTestSuites":2,"numFailedTestSuites":0,"numPendingTestSuites":0,"numTotalTests":6,"numPassedTests":6,"numFailedTests":0,"numPendingTests":0,"numTodoTests":0,"snapshot":{"added":0,"failure":false,"filesAdded":0,"filesRemoved":0,"filesRemovedList":[],"filesUnmatched":0,"filesUpdated":0,"matched":0,"total":0,"unchecked":0,"uncheckedKeysByFile":[],"unmatched":0,"updated":0,"didUpdate":false},"startTime":1767611299715,"success":true,"testResults":[{"assertionResults":[{"ancestorTitles":["useCompanionBanter"],"fullName":"useCompanionBanter should not check for banter if not in PLAYING phase","status":"passed","title":"should not check for banter if not in PLAYING phase","duration":22.568899999999985,"failureMessages":[],"meta":{}},{"ancestorTitles":["useCompanionBanter"],"fullName":"useCompanionBanter should not check for banter if dialogue is open","status":"passed","title":"should not check for banter if dialogue is open","duration":2.4908000000000357,"failureMessages":[],"meta":{}},{"ancestorTitles":["useCompanionBanter"],"fullName":"useCompanionBanter should call OllamaService.generateBanterLine if conditions are met","status":"passed","title":"should call OllamaService.generateBanterLine if conditions are met","duration":6.188300000000027,"failureMessages":[],"meta":{}},{"ancestorTitles":["useCompanionBanter"],"fullName":"useCompanionBanter should include deep persona data in OllamaService.generateBanterLine call","status":"passed","title":"should include deep persona data in OllamaService.generateBanterLine call","duration":3.182900000000018,"failureMessages":[],"meta":{}},{"ancestorTitles":["useCompanionBanter"],"fullName":"useCompanionBanter should not check for banter if global cooldown is active","status":"passed","title":"should not check for banter if global cooldown is active","duration":1.9884999999999309,"failureMessages":[],"meta":{}},{"ancestorTitles":["useCompanionBanter"],"fullName":"useCompanionBanter should handle missing ollamaInteractionLog in state gracefully","status":"passed","title":"should handle missing ollamaInteractionLog in state gracefully","duration":2.0726999999999407,"failureMessages":[],"meta":{}}],"startTime":1767611301861,"endTime":1767611301899.0728,"status":"passed","message":"","name":"C:/Users/gambi/Documents/Git/AraliaV4/Aralia/src/hooks/__tests__/useCompanionBanter.test.ts"}]}